#
# There is insufficient memory for the Java Runtime Environment to continue.
# Native memory allocation (mmap) failed to map 65536 bytes for Failed to commit metaspace.
# Possible reasons:
#   The system is out of physical RAM or swap space
#   The process is running with CompressedOops enabled, and the Java Heap may be blocking the growth of the native heap
# Possible solutions:
#   Reduce memory load on the system
#   Increase physical memory or swap space
#   Check if swap backing store is full
#   Decrease Java heap size (-Xmx/-Xms)
#   Decrease number of Java threads
#   Decrease Java thread stack sizes (-Xss)
#   Set larger code cache with -XX:ReservedCodeCacheSize=
#   JVM is running with Unscaled Compressed Oops mode in which the Java heap is
#     placed in the first 4GB address space. The Java Heap base address is the
#     maximum limit for the native heap growth. Please use -XX:HeapBaseMinAddress
#     to set the Java Heap base and to place the Java Heap above 4GB virtual address.
# This output file may be truncated or incomplete.
#
#  Out of Memory Error (virtualSpaceNode.cpp:110), pid=10712, tid=13748
#
# JRE version: OpenJDK Runtime Environment Temurin-17.0.7+7 (17.0.7+7) (build 17.0.7+7)
# Java VM: OpenJDK 64-Bit Server VM Temurin-17.0.7+7 (17.0.7+7, mixed mode, emulated-client, tiered, compressed oops, compressed class ptrs, g1 gc, windows-amd64)
# No core dump will be written. Minidumps are not enabled by default on client versions of Windows
#

---------------  S U M M A R Y ------------

Command Line: -Dcom.sun.management.jmxremote -Dcom.sun.management.jmxremote.port=13517 -Dcom.sun.management.jmxremote.authenticate=false -Dcom.sun.management.jmxremote.ssl=false -Djava.rmi.server.hostname=localhost -Dspring.jmx.enabled=true -Dmanagement.endpoints.jmx.exposure.include=* -Dspring.application.admin.enabled=true -XX:TieredStopAtLevel=1 -Dspring.boot.project.name=JPACrud -Dfile.encoding=UTF-8 -XX:+ShowCodeDetailsInExceptionMessages com.jpa.demo.JpaCrudApplication --spring.output.ansi.enabled=always

Host: Intel(R) Core(TM) i5-7200U CPU @ 2.50GHz, 4 cores, 3G,  Windows 10 , 64 bit Build 19041 (10.0.19041.3155)
Time: Sun Aug 13 15:51:28 2023 India Standard Time elapsed time: 4.983345 seconds (0d 0h 0m 4s)

---------------  T H R E A D  ---------------

Current thread (0x0000013b9c883870):  JavaThread "restartedMain" [_thread_in_vm, id=13748, stack(0x0000002d39a00000,0x0000002d39b00000)]

Stack: [0x0000002d39a00000,0x0000002d39b00000]
Native frames: (J=compiled Java code, j=interpreted, Vv=VM code, C=native code)
V  [jvm.dll+0x67754a]
V  [jvm.dll+0x834304]
V  [jvm.dll+0x835aae]
V  [jvm.dll+0x836113]
V  [jvm.dll+0x24696f]
V  [jvm.dll+0x83039b]
V  [jvm.dll+0x61c006]
V  [jvm.dll+0x61c06a]
V  [jvm.dll+0x61e89a]
V  [jvm.dll+0x61c9a6]
V  [jvm.dll+0x1eb92e]
V  [jvm.dll+0x1ec3ef]
V  [jvm.dll+0x1e1891]
V  [jvm.dll+0x53ea50]
V  [jvm.dll+0x1f2067]
V  [jvm.dll+0x7af05b]
V  [jvm.dll+0x7b0402]
V  [jvm.dll+0x7b0738]
V  [jvm.dll+0x23ec6e]
V  [jvm.dll+0x380a4e]
C  0x0000013b8fcd9925

Java frames: (J=compiled Java code, j=interpreted, Vv=VM code)
j  java.lang.ProcessEnvironment$CheckedEntrySet.iterator()Ljava/util/Iterator;+0 java.base@17.0.7
j  java.util.AbstractMap.putAll(Ljava/util/Map;)V+6 java.base@17.0.7
j  java.util.TreeMap.putAll(Ljava/util/Map;)V+79 java.base@17.0.7
j  java.lang.ProcessEnvironment.<clinit>()V+124 java.base@17.0.7
v  ~StubRoutines::call_stub
j  java.lang.System.getenv()Ljava/util/Map;+22 java.base@17.0.7
j  org.springframework.core.env.AbstractEnvironment.getSystemEnvironment()Ljava/util/Map;+11
j  org.springframework.core.env.StandardEnvironment.customizePropertySources(Lorg/springframework/core/env/MutablePropertySources;)V+25
j  org.springframework.web.context.support.StandardServletEnvironment.customizePropertySources(Lorg/springframework/core/env/MutablePropertySources;)V+53
j  org.springframework.core.env.AbstractEnvironment.<init>(Lorg/springframework/core/env/MutablePropertySources;)V+57
j  org.springframework.core.env.AbstractEnvironment.<init>()V+8
j  org.springframework.core.env.StandardEnvironment.<init>()V+1
j  org.springframework.web.context.support.StandardServletEnvironment.<init>()V+1
j  org.springframework.boot.web.servlet.context.ApplicationServletEnvironment.<init>()V+1
j  org.springframework.boot.web.servlet.context.AnnotationConfigServletWebServerApplicationContext$Factory.createEnvironment(Lorg/springframework/boot/WebApplicationType;)Lorg/springframework/core/env/ConfigurableEnvironment;+15
j  org.springframework.boot.DefaultApplicationContextFactory$$Lambda$158+0x00000001001b2ff8.apply(Ljava/lang/Object;Ljava/lang/Object;)Ljava/lang/Object;+8
j  org.springframework.boot.DefaultApplicationContextFactory.getFromSpringFactories(Lorg/springframework/boot/WebApplicationType;Ljava/util/function/BiFunction;Ljava/util/function/Supplier;)Ljava/lang/Object;+45
j  org.springframework.boot.DefaultApplicationContextFactory.createEnvironment(Lorg/springframework/boot/WebApplicationType;)Lorg/springframework/core/env/ConfigurableEnvironment;+8
j  org.springframework.boot.SpringApplication.getOrCreateEnvironment()Lorg/springframework/core/env/ConfigurableEnvironment;+20
j  org.springframework.boot.SpringApplication.prepareEnvironment(Lorg/springframework/boot/SpringApplicationRunListeners;Lorg/springframework/boot/DefaultBootstrapContext;Lorg/springframework/boot/ApplicationArguments;)Lorg/springframework/core/env/ConfigurableEnvironment;+1
j  org.springframework.boot.SpringApplication.run([Ljava/lang/String;)Lorg/springframework/context/ConfigurableApplicationContext;+52
j  org.springframework.boot.SpringApplication.run([Ljava/lang/Class;[Ljava/lang/String;)Lorg/springframework/context/ConfigurableApplicationContext;+9
j  org.springframework.boot.SpringApplication.run(Ljava/lang/Class;[Ljava/lang/String;)Lorg/springframework/context/ConfigurableApplicationContext;+9
j  com.jpa.demo.JpaCrudApplication.main([Ljava/lang/String;)V+3
v  ~StubRoutines::call_stub
j  jdk.internal.reflect.NativeMethodAccessorImpl.invoke0(Ljava/lang/reflect/Method;Ljava/lang/Object;[Ljava/lang/Object;)Ljava/lang/Object;+0 java.base@17.0.7
j  jdk.internal.reflect.NativeMethodAccessorImpl.invoke(Ljava/lang/Object;[Ljava/lang/Object;)Ljava/lang/Object;+133 java.base@17.0.7
j  jdk.internal.reflect.DelegatingMethodAccessorImpl.invoke(Ljava/lang/Object;[Ljava/lang/Object;)Ljava/lang/Object;+6 java.base@17.0.7
j  java.lang.reflect.Method.invoke(Ljava/lang/Object;[Ljava/lang/Object;)Ljava/lang/Object;+59 java.base@17.0.7
j  org.springframework.boot.devtools.restart.RestartLauncher.run()V+47
v  ~StubRoutines::call_stub

---------------  P R O C E S S  ---------------

Threads class SMR info:
_java_thread_list=0x0000013b9c88bf00, length=21, elements={
0x0000013b8a4cd800, 0x0000013b9744c260, 0x0000013b9744cfe0, 0x0000013b975d8190,
0x0000013b975d8f10, 0x0000013b975dbaa0, 0x0000013b975dd370, 0x0000013b975ddce0,
0x0000013b974cc380, 0x0000013b8c6b2b40, 0x0000013b97709920, 0x0000013b97778010,
0x0000013b9c3e9410, 0x0000013b9c3ea230, 0x0000013b9c3ed220, 0x0000013b9c58ef70,
0x0000013b9c618350, 0x0000013b9c76d7d0, 0x0000013b9c6fbe30, 0x0000013b9c882060,
0x0000013b9c883870
}

Java Threads: ( => current thread )
  0x0000013b8a4cd800 JavaThread "main" [_thread_blocked, id=6108, stack(0x0000002d37a00000,0x0000002d37b00000)]
  0x0000013b9744c260 JavaThread "Reference Handler" daemon [_thread_blocked, id=9276, stack(0x0000002d38100000,0x0000002d38200000)]
  0x0000013b9744cfe0 JavaThread "Finalizer" daemon [_thread_blocked, id=9204, stack(0x0000002d38200000,0x0000002d38300000)]
  0x0000013b975d8190 JavaThread "Signal Dispatcher" daemon [_thread_blocked, id=3536, stack(0x0000002d38300000,0x0000002d38400000)]
  0x0000013b975d8f10 JavaThread "Attach Listener" daemon [_thread_blocked, id=8292, stack(0x0000002d38400000,0x0000002d38500000)]
  0x0000013b975dbaa0 JavaThread "Service Thread" daemon [_thread_blocked, id=6804, stack(0x0000002d38500000,0x0000002d38600000)]
  0x0000013b975dd370 JavaThread "Monitor Deflation Thread" daemon [_thread_blocked, id=15272, stack(0x0000002d38600000,0x0000002d38700000)]
  0x0000013b975ddce0 JavaThread "C1 CompilerThread0" daemon [_thread_blocked, id=2564, stack(0x0000002d38700000,0x0000002d38800000)]
  0x0000013b974cc380 JavaThread "Sweeper thread" daemon [_thread_blocked, id=12928, stack(0x0000002d38800000,0x0000002d38900000)]
  0x0000013b8c6b2b40 JavaThread "Common-Cleaner" daemon [_thread_blocked, id=12016, stack(0x0000002d38900000,0x0000002d38a00000)]
  0x0000013b97709920 JavaThread "C1 CompilerThread1" daemon [_thread_blocked, id=13348, stack(0x0000002d38a00000,0x0000002d38b00000)]
  0x0000013b97778010 JavaThread "Notification Thread" daemon [_thread_blocked, id=9488, stack(0x0000002d38b00000,0x0000002d38c00000)]
  0x0000013b9c3e9410 JavaThread "RMI TCP Accept-0" daemon [_thread_in_native, id=13304, stack(0x0000002d38c00000,0x0000002d38d00000)]
  0x0000013b9c3ea230 JavaThread "RMI TCP Accept-13517" daemon [_thread_in_native, id=4188, stack(0x0000002d38d00000,0x0000002d38e00000)]
  0x0000013b9c3ed220 JavaThread "RMI TCP Accept-0" daemon [_thread_in_native, id=14844, stack(0x0000002d38e00000,0x0000002d38f00000)]
  0x0000013b9c58ef70 JavaThread "RMI TCP Connection(1)-127.0.0.1" daemon [_thread_in_native, id=3820, stack(0x0000002d39500000,0x0000002d39600000)]
  0x0000013b9c618350 JavaThread "RMI Scheduler(0)" daemon [_thread_blocked, id=12756, stack(0x0000002d39600000,0x0000002d39700000)]
  0x0000013b9c76d7d0 JavaThread "RMI TCP Connection(2)-127.0.0.1" daemon [_thread_in_native, id=12176, stack(0x0000002d39700000,0x0000002d39800000)]
  0x0000013b9c6fbe30 JavaThread "JMX server connection timeout 21" daemon [_thread_blocked, id=11892, stack(0x0000002d39800000,0x0000002d39900000)]
  0x0000013b9c882060 JavaThread "Thread-0" [_thread_blocked, id=1908, stack(0x0000002d39900000,0x0000002d39a00000)]
=>0x0000013b9c883870 JavaThread "restartedMain" [_thread_in_vm, id=13748, stack(0x0000002d39a00000,0x0000002d39b00000)]

Other Threads:
  0x0000013b97445620 VMThread "VM Thread" [stack: 0x0000002d38000000,0x0000002d38100000] [id=2780]
  0x0000013b8a4cdf30 WatcherThread [stack: 0x0000002d38f00000,0x0000002d39000000] [id=14708]
  0x0000013b8c648b60 GCTaskThread "GC Thread#0" [stack: 0x0000002d37b00000,0x0000002d37c00000] [id=11112]
  0x0000013b9c4ddb00 GCTaskThread "GC Thread#1" [stack: 0x0000002d39000000,0x0000002d39100000] [id=7192]
  0x0000013b9c4ae5e0 GCTaskThread "GC Thread#2" [stack: 0x0000002d39100000,0x0000002d39200000] [id=14268]
  0x0000013b9c4ae890 GCTaskThread "GC Thread#3" [stack: 0x0000002d39200000,0x0000002d39300000] [id=9504]
  0x0000013b8c6515b0 ConcurrentGCThread "G1 Main Marker" [stack: 0x0000002d37c00000,0x0000002d37d00000] [id=13680]
  0x0000013b8c651ed0 ConcurrentGCThread "G1 Conc#0" [stack: 0x0000002d37d00000,0x0000002d37e00000] [id=13464]
  0x0000013b8c6911c0 ConcurrentGCThread "G1 Refine#0" [stack: 0x0000002d37e00000,0x0000002d37f00000] [id=13112]
  0x0000013b9c4dddb0 ConcurrentGCThread "G1 Refine#1" [stack: 0x0000002d39300000,0x0000002d39400000] [id=12140]
  0x0000013b978276d0 ConcurrentGCThread "G1 Refine#2" [stack: 0x0000002d39400000,0x0000002d39500000] [id=9248]
  0x0000013b8c691af0 ConcurrentGCThread "G1 Service" [stack: 0x0000002d37f00000,0x0000002d38000000] [id=12380]

Threads with active compile tasks:

VM state: not at safepoint (normal execution)

VM Mutex/Monitor currently owned by a thread:  ([mutex/lock_event])
[0x0000013b8c60ba10] Metaspace_lock - owner thread: 0x0000013b9c883870

Heap address: 0x00000000c2000000, size: 992 MB, Compressed Oops mode: 32-bit

CDS archive(s) not mapped
Compressed class space mapped at: 0x0000000100000000-0x0000000140000000, reserved size: 1073741824
Narrow klass base: 0x0000000000000000, Narrow klass shift: 3, Narrow klass range: 0x140000000

GC Precious Log:
 CPUs: 4 total, 4 available
 Memory: 3961M
 Large Page Support: Disabled
 NUMA Support: Disabled
 Compressed Oops: Enabled (32-bit)
 Heap Region Size: 1M
 Heap Min Capacity: 8M
 Heap Initial Capacity: 62M
 Heap Max Capacity: 992M
 Pre-touch: Disabled
 Parallel Workers: 4
 Concurrent Workers: 1
 Concurrent Refinement Workers: 4
 Periodic GC: Disabled

Heap:
 garbage-first heap   total 63488K, used 17753K [0x00000000c2000000, 0x0000000100000000)
  region size 1024K, 12 young (12288K), 2 survivors (2048K)
 Metaspace       used 16493K, committed 16640K, reserved 1114112K
  class space    used 1775K, committed 1856K, reserved 1048576K

Heap Regions: E=young(eden), S=young(survivor), O=old, HS=humongous(starts), HC=humongous(continues), CS=collection set, F=free, OA=open archive, CA=closed archive, TAMS=top-at-mark-start (previous, next)
|   0|0x00000000c2000000, 0x00000000c2100000, 0x00000000c2100000|100%|HS|  |TAMS 0x00000000c2000000, 0x00000000c2000000| Complete 
|   1|0x00000000c2100000, 0x00000000c2200000, 0x00000000c2200000|100%| O|  |TAMS 0x00000000c2100000, 0x00000000c2100000| Untracked 
|   2|0x00000000c2200000, 0x00000000c2300000, 0x00000000c2300000|100%| O|  |TAMS 0x00000000c2200000, 0x00000000c2200000| Untracked 
|   3|0x00000000c2300000, 0x00000000c2400000, 0x00000000c2400000|100%| O|  |TAMS 0x00000000c2300000, 0x00000000c2300000| Untracked 
|   4|0x00000000c2400000, 0x00000000c2500000, 0x00000000c2500000|100%| O|  |TAMS 0x00000000c2400000, 0x00000000c2400000| Untracked 
|   5|0x00000000c2500000, 0x00000000c2600000, 0x00000000c2600000|100%| O|  |TAMS 0x00000000c2500000, 0x00000000c2500000| Untracked 
|   6|0x00000000c2600000, 0x00000000c26dca00, 0x00000000c2700000| 86%| O|  |TAMS 0x00000000c2600000, 0x00000000c2600000| Untracked 
|   7|0x00000000c2700000, 0x00000000c2700000, 0x00000000c2800000|  0%| F|  |TAMS 0x00000000c2700000, 0x00000000c2700000| Untracked 
|   8|0x00000000c2800000, 0x00000000c2800000, 0x00000000c2900000|  0%| F|  |TAMS 0x00000000c2800000, 0x00000000c2800000| Untracked 
|   9|0x00000000c2900000, 0x00000000c2900000, 0x00000000c2a00000|  0%| F|  |TAMS 0x00000000c2900000, 0x00000000c2900000| Untracked 
|  10|0x00000000c2a00000, 0x00000000c2a00000, 0x00000000c2b00000|  0%| F|  |TAMS 0x00000000c2a00000, 0x00000000c2a00000| Untracked 
|  11|0x00000000c2b00000, 0x00000000c2b00000, 0x00000000c2c00000|  0%| F|  |TAMS 0x00000000c2b00000, 0x00000000c2b00000| Untracked 
|  12|0x00000000c2c00000, 0x00000000c2c00000, 0x00000000c2d00000|  0%| F|  |TAMS 0x00000000c2c00000, 0x00000000c2c00000| Untracked 
|  13|0x00000000c2d00000, 0x00000000c2d00000, 0x00000000c2e00000|  0%| F|  |TAMS 0x00000000c2d00000, 0x00000000c2d00000| Untracked 
|  14|0x00000000c2e00000, 0x00000000c2e00000, 0x00000000c2f00000|  0%| F|  |TAMS 0x00000000c2e00000, 0x00000000c2e00000| Untracked 
|  15|0x00000000c2f00000, 0x00000000c2f00000, 0x00000000c3000000|  0%| F|  |TAMS 0x00000000c2f00000, 0x00000000c2f00000| Untracked 
|  16|0x00000000c3000000, 0x00000000c3000000, 0x00000000c3100000|  0%| F|  |TAMS 0x00000000c3000000, 0x00000000c3000000| Untracked 
|  17|0x00000000c3100000, 0x00000000c3100000, 0x00000000c3200000|  0%| F|  |TAMS 0x00000000c3100000, 0x00000000c3100000| Untracked 
|  18|0x00000000c3200000, 0x00000000c3200000, 0x00000000c3300000|  0%| F|  |TAMS 0x00000000c3200000, 0x00000000c3200000| Untracked 
|  19|0x00000000c3300000, 0x00000000c3300000, 0x00000000c3400000|  0%| F|  |TAMS 0x00000000c3300000, 0x00000000c3300000| Untracked 
|  20|0x00000000c3400000, 0x00000000c3400000, 0x00000000c3500000|  0%| F|  |TAMS 0x00000000c3400000, 0x00000000c3400000| Untracked 
|  21|0x00000000c3500000, 0x00000000c3500000, 0x00000000c3600000|  0%| F|  |TAMS 0x00000000c3500000, 0x00000000c3500000| Untracked 
|  22|0x00000000c3600000, 0x00000000c3600000, 0x00000000c3700000|  0%| F|  |TAMS 0x00000000c3600000, 0x00000000c3600000| Untracked 
|  23|0x00000000c3700000, 0x00000000c3700000, 0x00000000c3800000|  0%| F|  |TAMS 0x00000000c3700000, 0x00000000c3700000| Untracked 
|  24|0x00000000c3800000, 0x00000000c3800000, 0x00000000c3900000|  0%| F|  |TAMS 0x00000000c3800000, 0x00000000c3800000| Untracked 
|  25|0x00000000c3900000, 0x00000000c3900000, 0x00000000c3a00000|  0%| F|  |TAMS 0x00000000c3900000, 0x00000000c3900000| Untracked 
|  26|0x00000000c3a00000, 0x00000000c3a00000, 0x00000000c3b00000|  0%| F|  |TAMS 0x00000000c3a00000, 0x00000000c3a00000| Untracked 
|  27|0x00000000c3b00000, 0x00000000c3b00000, 0x00000000c3c00000|  0%| F|  |TAMS 0x00000000c3b00000, 0x00000000c3b00000| Untracked 
|  28|0x00000000c3c00000, 0x00000000c3c00000, 0x00000000c3d00000|  0%| F|  |TAMS 0x00000000c3c00000, 0x00000000c3c00000| Untracked 
|  29|0x00000000c3d00000, 0x00000000c3d00000, 0x00000000c3e00000|  0%| F|  |TAMS 0x00000000c3d00000, 0x00000000c3d00000| Untracked 
|  30|0x00000000c3e00000, 0x00000000c3e00000, 0x00000000c3f00000|  0%| F|  |TAMS 0x00000000c3e00000, 0x00000000c3e00000| Untracked 
|  31|0x00000000c3f00000, 0x00000000c3f00000, 0x00000000c4000000|  0%| F|  |TAMS 0x00000000c3f00000, 0x00000000c3f00000| Untracked 
|  32|0x00000000c4000000, 0x00000000c4000000, 0x00000000c4100000|  0%| F|  |TAMS 0x00000000c4000000, 0x00000000c4000000| Untracked 
|  33|0x00000000c4100000, 0x00000000c4100000, 0x00000000c4200000|  0%| F|  |TAMS 0x00000000c4100000, 0x00000000c4100000| Untracked 
|  34|0x00000000c4200000, 0x00000000c4200000, 0x00000000c4300000|  0%| F|  |TAMS 0x00000000c4200000, 0x00000000c4200000| Untracked 
|  35|0x00000000c4300000, 0x00000000c4300000, 0x00000000c4400000|  0%| F|  |TAMS 0x00000000c4300000, 0x00000000c4300000| Untracked 
|  36|0x00000000c4400000, 0x00000000c4400000, 0x00000000c4500000|  0%| F|  |TAMS 0x00000000c4400000, 0x00000000c4400000| Untracked 
|  37|0x00000000c4500000, 0x00000000c4500000, 0x00000000c4600000|  0%| F|  |TAMS 0x00000000c4500000, 0x00000000c4500000| Untracked 
|  38|0x00000000c4600000, 0x00000000c4600000, 0x00000000c4700000|  0%| F|  |TAMS 0x00000000c4600000, 0x00000000c4600000| Untracked 
|  39|0x00000000c4700000, 0x00000000c4700000, 0x00000000c4800000|  0%| F|  |TAMS 0x00000000c4700000, 0x00000000c4700000| Untracked 
|  40|0x00000000c4800000, 0x00000000c4800000, 0x00000000c4900000|  0%| F|  |TAMS 0x00000000c4800000, 0x00000000c4800000| Untracked 
|  41|0x00000000c4900000, 0x00000000c4900000, 0x00000000c4a00000|  0%| F|  |TAMS 0x00000000c4900000, 0x00000000c4900000| Untracked 
|  42|0x00000000c4a00000, 0x00000000c4a00000, 0x00000000c4b00000|  0%| F|  |TAMS 0x00000000c4a00000, 0x00000000c4a00000| Untracked 
|  43|0x00000000c4b00000, 0x00000000c4b00000, 0x00000000c4c00000|  0%| F|  |TAMS 0x00000000c4b00000, 0x00000000c4b00000| Untracked 
|  44|0x00000000c4c00000, 0x00000000c4c00000, 0x00000000c4d00000|  0%| F|  |TAMS 0x00000000c4c00000, 0x00000000c4c00000| Untracked 
|  45|0x00000000c4d00000, 0x00000000c4d00000, 0x00000000c4e00000|  0%| F|  |TAMS 0x00000000c4d00000, 0x00000000c4d00000| Untracked 
|  46|0x00000000c4e00000, 0x00000000c4e00000, 0x00000000c4f00000|  0%| F|  |TAMS 0x00000000c4e00000, 0x00000000c4e00000| Untracked 
|  47|0x00000000c4f00000, 0x00000000c4f00000, 0x00000000c5000000|  0%| F|  |TAMS 0x00000000c4f00000, 0x00000000c4f00000| Untracked 
|  48|0x00000000c5000000, 0x00000000c5000000, 0x00000000c5100000|  0%| F|  |TAMS 0x00000000c5000000, 0x00000000c5000000| Untracked 
|  49|0x00000000c5100000, 0x00000000c5100000, 0x00000000c5200000|  0%| F|  |TAMS 0x00000000c5100000, 0x00000000c5100000| Untracked 
|  50|0x00000000c5200000, 0x00000000c5210b80, 0x00000000c5300000|  6%| E|  |TAMS 0x00000000c5200000, 0x00000000c5200000| Complete 
|  51|0x00000000c5300000, 0x00000000c5400000, 0x00000000c5400000|100%| E|CS|TAMS 0x00000000c5300000, 0x00000000c5300000| Complete 
|  52|0x00000000c5400000, 0x00000000c5479d10, 0x00000000c5500000| 47%| S|CS|TAMS 0x00000000c5400000, 0x00000000c5400000| Complete 
|  53|0x00000000c5500000, 0x00000000c5600000, 0x00000000c5600000|100%| S|CS|TAMS 0x00000000c5500000, 0x00000000c5500000| Complete 
|  54|0x00000000c5600000, 0x00000000c5700000, 0x00000000c5700000|100%| E|CS|TAMS 0x00000000c5600000, 0x00000000c5600000| Complete 
|  55|0x00000000c5700000, 0x00000000c5800000, 0x00000000c5800000|100%| E|CS|TAMS 0x00000000c5700000, 0x00000000c5700000| Complete 
|  56|0x00000000c5800000, 0x00000000c5900000, 0x00000000c5900000|100%| E|CS|TAMS 0x00000000c5800000, 0x00000000c5800000| Complete 
|  57|0x00000000c5900000, 0x00000000c5a00000, 0x00000000c5a00000|100%| E|CS|TAMS 0x00000000c5900000, 0x00000000c5900000| Complete 
|  58|0x00000000c5a00000, 0x00000000c5b00000, 0x00000000c5b00000|100%| E|CS|TAMS 0x00000000c5a00000, 0x00000000c5a00000| Complete 
|  59|0x00000000c5b00000, 0x00000000c5c00000, 0x00000000c5c00000|100%| E|CS|TAMS 0x00000000c5b00000, 0x00000000c5b00000| Complete 
|  60|0x00000000c5c00000, 0x00000000c5d00000, 0x00000000c5d00000|100%| E|CS|TAMS 0x00000000c5c00000, 0x00000000c5c00000| Complete 
|  61|0x00000000c5d00000, 0x00000000c5e00000, 0x00000000c5e00000|100%| E|CS|TAMS 0x00000000c5d00000, 0x00000000c5d00000| Complete 

Card table byte_map: [0x0000013b92cc0000,0x0000013b92eb0000] _byte_map_base: 0x0000013b926b0000

Marking Bits (Prev, Next): (CMBitMap*) 0x0000013b8c649080, (CMBitMap*) 0x0000013b8c6490c0
 Prev Bits: [0x0000013b930a0000, 0x0000013b94020000)
 Next Bits: [0x0000013b94020000, 0x0000013b94fa0000)

Polling page: 0x0000013b8bdd0000

Metaspace:

Usage:
  Non-class:     14.37 MB used.
      Class:      1.73 MB used.
       Both:     16.11 MB used.

Virtual space:
  Non-class space:       64.00 MB reserved,      14.44 MB ( 23%) committed,  1 nodes.
      Class space:        1.00 GB reserved,       1.81 MB ( <1%) committed,  1 nodes.
             Both:        1.06 GB reserved,      16.25 MB (  1%) committed. 

Chunk freelists:
   Non-Class:  1.44 MB
       Class:  14.02 MB
        Both:  15.45 MB

MaxMetaspaceSize: unlimited
CompressedClassSpaceSize: 1.00 GB
Initial GC threshold: 21.00 MB
Current GC threshold: 21.00 MB
CDS: off
MetaspaceReclaimPolicy: balanced
 - commit_granule_bytes: 65536.
 - commit_granule_words: 8192.
 - virtual_space_node_default_size: 8388608.
 - enlarge_chunks_in_place: 1.
 - new_chunks_are_fully_committed: 0.
 - uncommit_free_chunks: 1.
 - use_allocation_guard: 0.
 - handle_deallocations: 1.


Internal statistics:

num_allocs_failed_limit: 0.
num_arena_births: 180.
num_arena_deaths: 0.
num_vsnodes_births: 2.
num_vsnodes_deaths: 0.
num_space_committed: 260.
num_space_uncommitted: 0.
num_chunks_returned_to_freelist: 0.
num_chunks_taken_from_freelist: 376.
num_chunk_merges: 0.
num_chunk_splits: 217.
num_chunks_enlarged: 121.
num_inconsistent_stats: 0.

CodeCache: size=49152Kb used=3896Kb max_used=3896Kb free=45255Kb
 bounds [0x0000013b8fcc0000, 0x0000013b90090000, 0x0000013b92cc0000]
 total_blobs=1966 nmethods=1507 adapters=386
 compilation: enabled
              stopped_count=0, restarted_count=0
 full_count=0

Compilation events (20 events):
Event: 4.902 Thread 0x0000013b975ddce0 1497   !   1       java.util.zip.ZipFile::getManifestName (61 bytes)
Event: 4.903 Thread 0x0000013b975ddce0 nmethod 1497 0x0000013b9008ab10 code [0x0000013b9008acc0, 0x0000013b9008af38]
Event: 4.904 Thread 0x0000013b97709920 1499       1       java.util.stream.StreamOpFlag::getMask (30 bytes)
Event: 4.904 Thread 0x0000013b975ddce0 1498       1       java.util.stream.StreamOpFlag::combineOpFlags (9 bytes)
Event: 4.904 Thread 0x0000013b975ddce0 nmethod 1498 0x0000013b9008b110 code [0x0000013b9008b2a0, 0x0000013b9008b378]
Event: 4.904 Thread 0x0000013b97709920 nmethod 1499 0x0000013b9008b410 code [0x0000013b9008b5a0, 0x0000013b9008b698]
Event: 4.904 Thread 0x0000013b975ddce0 1500       1       java.lang.invoke.ClassSpecializer$SpeciesData::fieldCount (10 bytes)
Event: 4.904 Thread 0x0000013b975ddce0 nmethod 1500 0x0000013b9008b710 code [0x0000013b9008b8a0, 0x0000013b9008b988]
Event: 4.911 Thread 0x0000013b975ddce0 1502       1       jdk.internal.org.objectweb.asm.Frame::accept (264 bytes)
Event: 4.911 Thread 0x0000013b97709920 1503       1       jdk.internal.org.objectweb.asm.MethodWriter::visitFrameStart (55 bytes)
Event: 4.911 Thread 0x0000013b97709920 nmethod 1503 0x0000013b9008bd10 code [0x0000013b9008bea0, 0x0000013b9008c0b8]
Event: 4.911 Thread 0x0000013b97709920 1504       1       jdk.internal.org.objectweb.asm.MethodWriter::visitFrameEnd (53 bytes)
Event: 4.911 Thread 0x0000013b97709920 nmethod 1504 0x0000013b9008c210 code [0x0000013b9008c3c0, 0x0000013b9008c728]
Event: 4.912 Thread 0x0000013b97709920 1505       1       org.springframework.util.ConcurrentReferenceHashMap$SoftEntryReference::getHash (5 bytes)
Event: 4.912 Thread 0x0000013b975ddce0 nmethod 1502 0x0000013b9008c810 code [0x0000013b9008c9e0, 0x0000013b9008cdb8]
Event: 4.912 Thread 0x0000013b97709920 nmethod 1505 0x0000013b9008d110 code [0x0000013b9008d2a0, 0x0000013b9008d378]
Event: 4.948 Thread 0x0000013b97709920 1506       1       java.lang.invoke.MethodType::changeReturnType (20 bytes)
Event: 4.948 Thread 0x0000013b97709920 nmethod 1506 0x0000013b9008d410 code [0x0000013b9008d5a0, 0x0000013b9008d6c8]
Event: 4.956 Thread 0x0000013b97709920 1507       1       java.util.ImmutableCollections$Set12::<init> (53 bytes)
Event: 4.957 Thread 0x0000013b97709920 nmethod 1507 0x0000013b9008d790 code [0x0000013b9008d9a0, 0x0000013b9008df28]

GC Heap History (4 events):
Event: 3.361 GC heap before
{Heap before GC invocations=0 (full 0):
 garbage-first heap   total 63488K, used 13312K [0x00000000c2000000, 0x0000000100000000)
  region size 1024K, 13 young (13312K), 0 survivors (0K)
 Metaspace       used 12274K, committed 12416K, reserved 1114112K
  class space    used 1235K, committed 1280K, reserved 1048576K
}
Event: 3.374 GC heap after
{Heap after GC invocations=1 (full 0):
 garbage-first heap   total 63488K, used 6602K [0x00000000c2000000, 0x0000000100000000)
  region size 1024K, 2 young (2048K), 2 survivors (2048K)
 Metaspace       used 12274K, committed 12416K, reserved 1114112K
  class space    used 1235K, committed 1280K, reserved 1048576K
}
Event: 4.447 GC heap before
{Heap before GC invocations=1 (full 0):
 garbage-first heap   total 63488K, used 14794K [0x00000000c2000000, 0x0000000100000000)
  region size 1024K, 10 young (10240K), 2 survivors (2048K)
 Metaspace       used 15233K, committed 15424K, reserved 1114112K
  class space    used 1605K, committed 1728K, reserved 1048576K
}
Event: 4.457 GC heap after
{Heap after GC invocations=2 (full 0):
 garbage-first heap   total 63488K, used 8537K [0x00000000c2000000, 0x0000000100000000)
  region size 1024K, 2 young (2048K), 2 survivors (2048K)
 Metaspace       used 15233K, committed 15424K, reserved 1114112K
  class space    used 1605K, committed 1728K, reserved 1048576K
}

Dll operation events (8 events):
Event: 0.040 Loaded shared library C:\Users\WELCOME\Downloads\sts-4.19.0.RELEASE\plugins\org.eclipse.justj.openjdk.hotspot.jre.full.win32.x86_64_17.0.7.v20230425-1502\jre\bin\java.dll
Event: 0.583 Loaded shared library C:\Users\WELCOME\Downloads\sts-4.19.0.RELEASE\plugins\org.eclipse.justj.openjdk.hotspot.jre.full.win32.x86_64_17.0.7.v20230425-1502\jre\bin\jimage.dll
Event: 0.620 Loaded shared library C:\Users\WELCOME\Downloads\sts-4.19.0.RELEASE\plugins\org.eclipse.justj.openjdk.hotspot.jre.full.win32.x86_64_17.0.7.v20230425-1502\jre\bin\net.dll
Event: 0.638 Loaded shared library C:\Users\WELCOME\Downloads\sts-4.19.0.RELEASE\plugins\org.eclipse.justj.openjdk.hotspot.jre.full.win32.x86_64_17.0.7.v20230425-1502\jre\bin\nio.dll
Event: 0.650 Loaded shared library C:\Users\WELCOME\Downloads\sts-4.19.0.RELEASE\plugins\org.eclipse.justj.openjdk.hotspot.jre.full.win32.x86_64_17.0.7.v20230425-1502\jre\bin\zip.dll
Event: 1.280 Loaded shared library C:\Users\WELCOME\Downloads\sts-4.19.0.RELEASE\plugins\org.eclipse.justj.openjdk.hotspot.jre.full.win32.x86_64_17.0.7.v20230425-1502\jre\bin\management.dll
Event: 1.504 Loaded shared library C:\Users\WELCOME\Downloads\sts-4.19.0.RELEASE\plugins\org.eclipse.justj.openjdk.hotspot.jre.full.win32.x86_64_17.0.7.v20230425-1502\jre\bin\management_ext.dll
Event: 3.316 Loaded shared library C:\Users\WELCOME\Downloads\sts-4.19.0.RELEASE\plugins\org.eclipse.justj.openjdk.hotspot.jre.full.win32.x86_64_17.0.7.v20230425-1502\jre\bin\verify.dll

Deoptimization events (0 events):
No events

Classes unloaded (0 events):
No events

Classes redefined (0 events):
No events

Internal exceptions (20 events):
Event: 3.037 Thread 0x0000013b8a4cd800 Exception <a 'java/lang/ClassNotFoundException'{0x00000000c53a1490}: javax/management/remote/rmi/RMIServerImpl_Skel> (0x00000000c53a1490) 
thrown [s\src\hotspot\share\classfile\systemDictionary.cpp, line 256]
Event: 3.138 Thread 0x0000013b8a4cd800 Exception <a 'java/lang/ClassNotFoundException'{0x00000000c521e830}: jdk/internal/agent/resources/spi/agentProvider> (0x00000000c521e830) 
thrown [s\src\hotspot\share\classfile\systemDictionary.cpp, line 256]
Event: 3.549 Thread 0x0000013b8a4cd800 Exception <a 'java/lang/ClassNotFoundException'{0x00000000c5db64c0}: javax/smartcardio/CardPermission> (0x00000000c5db64c0) 
thrown [s\src\hotspot\share\classfile\systemDictionary.cpp, line 256]
Event: 3.556 Thread 0x0000013b8a4cd800 Exception <a 'java/io/FileNotFoundException'{0x00000000c5dc4e28}> (0x00000000c5dc4e28) 
thrown [s\src\hotspot\share\prims\jni.cpp, line 516]
Event: 3.661 Thread 0x0000013b9c76d7d0 Exception <a 'java/lang/NoSuchMethodError'{0x00000000c5cdb5c8}: static [B.<clinit>()V> (0x00000000c5cdb5c8) 
thrown [s\src\hotspot\share\prims\jni.cpp, line 1107]
Event: 3.693 Thread 0x0000013b9c76d7d0 Exception <a 'java/lang/ClassNotFoundException'{0x00000000c5b1c5e0}: javax/management/remote/rmi/RMIConnectionImpl_Skel> (0x00000000c5b1c5e0) 
thrown [s\src\hotspot\share\classfile\systemDictionary.cpp, line 256]
Event: 3.701 Thread 0x0000013b9c6fbe30 Exception <a 'java/lang/NoSuchMethodError'{0x00000000c5b56a48}: 'java.lang.Object java.lang.invoke.Invokers$Holder.linkToTargetMethod(java.lang.Object, long, java.lang.Object)'> (0x00000000c5b56a48) 
thrown [s\src\hotspot\share\interpreter\linkResolver.cpp, line 759]
Event: 3.713 Thread 0x0000013b9c76d7d0 Exception <a 'java/lang/reflect/InvocationTargetException'{0x00000000c5bb1bf8}> (0x00000000c5bb1bf8) 
thrown [s\src\hotspot\share\runtime\reflection.cpp, line 1121]
Event: 3.720 Thread 0x0000013b9c76d7d0 Exception <a 'java/lang/NoSuchMethodError'{0x00000000c5bdc5a8}: static [Ljava/lang/StackTraceElement;.<clinit>()V> (0x00000000c5bdc5a8) 
thrown [s\src\hotspot\share\prims\jni.cpp, line 1107]
Event: 4.282 Thread 0x0000013b9c76d7d0 Exception <a 'java/lang/reflect/InvocationTargetException'{0x00000000c5bf0978}> (0x00000000c5bf0978) 
thrown [s\src\hotspot\share\runtime\reflection.cpp, line 1121]
Event: 4.290 Thread 0x0000013b8a4cd800 Exception <a 'java/lang/NoSuchMethodError'{0x00000000c57225f0}: 'java.lang.Object java.lang.invoke.DirectMethodHandle$Holder.invokeSpecialIFC(java.lang.Object, java.lang.Object, java.lang.Object, java.lang.Object)'> (0x00000000c57225f0) 
thrown [s\src\hotspot\share\interpreter\linkResolver.cpp, line 759]
Event: 4.369 Thread 0x0000013b8a4cd800 Exception <a 'java/lang/NoSuchMethodError'{0x00000000c57e2680}: 'int java.lang.invoke.DirectMethodHandle$Holder.invokeStaticInit(java.lang.Object, java.lang.Object)'> (0x00000000c57e2680) 
thrown [s\src\hotspot\share\interpreter\linkResolver.cpp, line 759]
Event: 4.522 Thread 0x0000013b8a4cd800 Exception <a 'java/lang/NoSuchMethodError'{0x00000000c5c47100}: 'int java.lang.invoke.DirectMethodHandle$Holder.invokeStaticInit(java.lang.Object, java.lang.Object, java.lang.Object)'> (0x00000000c5c47100) 
thrown [s\src\hotspot\share\interpreter\linkResolver.cpp, line 759]
Event: 4.544 Thread 0x0000013b8a4cd800 Exception <a 'java/lang/NoSuchMethodError'{0x00000000c5ca9570}: 'java.lang.Object java.lang.invoke.DirectMethodHandle$Holder.newInvokeSpecial(java.lang.Object, java.lang.Object, java.lang.Object, java.lang.Object, java.lang.Object)'> (0x00000000c5ca9570) 
thrown [s\src\hotspot\share\interpreter\linkResolver.cpp, line 759]
Event: 4.558 Thread 0x0000013b8a4cd800 Exception <a 'java/lang/NoSuchMethodError'{0x00000000c5cfb480}: 'java.lang.Object java.lang.invoke.DirectMethodHandle$Holder.invokeStaticInit(java.lang.Object, java.lang.Object, java.lang.Object)'> (0x00000000c5cfb480) 
thrown [s\src\hotspot\share\interpreter\linkResolver.cpp, line 759]
Event: 4.788 Thread 0x0000013b9c76d7d0 Exception <a 'java/lang/reflect/InvocationTargetException'{0x00000000c5701b90}> (0x00000000c5701b90) 
thrown [s\src\hotspot\share\runtime\reflection.cpp, line 1121]
Event: 4.835 Thread 0x0000013b9c882060 Exception <a 'java/lang/NoSuchMethodError'{0x00000000c57fcb50}: 'org.slf4j.impl.StaticMDCBinder org.slf4j.impl.StaticMDCBinder.getSingleton()'> (0x00000000c57fcb50) 
thrown [s\src\hotspot\share\interpreter\linkResolver.cpp, line 759]
Event: 4.910 Thread 0x0000013b9c883870 Exception <a 'java/lang/NoSuchMethodError'{0x00000000c5375c98}: 'java.lang.Object java.lang.invoke.DirectMethodHandle$Holder.invokeInterface(java.lang.Object, java.lang.Object, java.lang.Object)'> (0x00000000c5375c98) 
thrown [s\src\hotspot\share\interpreter\linkResolver.cpp, line 759]
Event: 4.911 Thread 0x0000013b9c883870 Exception <a 'java/lang/IncompatibleClassChangeError'{0x00000000c53790b8}: Found class java.lang.Object, but interface was expected> (0x00000000c53790b8) 
thrown [s\src\hotspot\share\interpreter\linkResolver.cpp, line 826]
Event: 4.960 Thread 0x0000013b9c883870 Exception <a 'sun/nio/fs/WindowsException'{0x00000000c520c630}> (0x00000000c520c630) 
thrown [s\src\hotspot\share\prims\jni.cpp, line 516]

VM Operations (20 events):
Event: 1.565 Executing VM operation: HandshakeAllThreads
Event: 1.565 Executing VM operation: HandshakeAllThreads done
Event: 2.434 Executing VM operation: HandshakeAllThreads
Event: 2.434 Executing VM operation: HandshakeAllThreads done
Event: 2.600 Executing VM operation: HandshakeAllThreads
Event: 2.600 Executing VM operation: HandshakeAllThreads done
Event: 2.600 Executing VM operation: Cleanup
Event: 2.600 Executing VM operation: Cleanup done
Event: 3.036 Executing VM operation: HandshakeAllThreads
Event: 3.036 Executing VM operation: HandshakeAllThreads done
Event: 3.361 Executing VM operation: G1CollectForAllocation
Event: 3.374 Executing VM operation: G1CollectForAllocation done
Event: 3.675 Executing VM operation: HandshakeAllThreads
Event: 3.691 Executing VM operation: HandshakeAllThreads done
Event: 4.251 Executing VM operation: HandshakeAllThreads
Event: 4.251 Executing VM operation: HandshakeAllThreads done
Event: 4.447 Executing VM operation: G1CollectForAllocation
Event: 4.457 Executing VM operation: G1CollectForAllocation done
Event: 4.964 Executing VM operation: HandshakeAllThreads
Event: 4.964 Executing VM operation: HandshakeAllThreads done

Events (20 events):
Event: 4.954 loading class javax/naming/NamingEnumeration
Event: 4.955 loading class javax/naming/NamingEnumeration done
Event: 4.955 loading class com/sun/naming/internal/VersionHelper$InputStreamEnumeration done
Event: 4.959 loading class sun/nio/fs/WindowsException
Event: 4.960 loading class sun/nio/fs/WindowsException done
Event: 4.960 loading class java/util/Hashtable$KeySet
Event: 4.960 loading class java/util/Hashtable$KeySet done
Event: 4.960 loading class javax/naming/spi/NamingManager
Event: 4.961 loading class javax/naming/spi/NamingManager done
Event: 4.961 loading class javax/naming/NoInitialContextException
Event: 4.961 loading class javax/naming/NoInitialContextException done
Event: 4.962 loading class java/lang/ProcessEnvironment
Event: 4.963 loading class java/lang/ProcessEnvironment done
Event: 4.964 loading class java/lang/ProcessEnvironment$NameComparator
Event: 4.964 loading class java/lang/ProcessEnvironment$NameComparator done
Event: 4.964 loading class java/lang/ProcessEnvironment$EntryComparator
Event: 4.964 loading class java/lang/ProcessEnvironment$EntryComparator done
Event: 4.964 loading class java/lang/ProcessEnvironment$CheckedEntrySet
Event: 4.964 loading class java/lang/ProcessEnvironment$CheckedEntrySet done
Event: 4.964 loading class java/lang/ProcessEnvironment$CheckedEntrySet$1


Dynamic libraries:
0x00007ff7afab0000 - 0x00007ff7afabe000 	C:\Users\WELCOME\Downloads\sts-4.19.0.RELEASE\plugins\org.eclipse.justj.openjdk.hotspot.jre.full.win32.x86_64_17.0.7.v20230425-1502\jre\bin\javaw.exe
0x00007ffb6da50000 - 0x00007ffb6dc48000 	C:\WINDOWS\SYSTEM32\ntdll.dll
0x00007ffb6ca80000 - 0x00007ffb6cb3f000 	C:\WINDOWS\System32\KERNEL32.DLL
0x00007ffb6b480000 - 0x00007ffb6b776000 	C:\WINDOWS\System32\KERNELBASE.dll
0x00007ffb6b330000 - 0x00007ffb6b430000 	C:\WINDOWS\System32\ucrtbase.dll
0x00007ffb659a0000 - 0x00007ffb659b7000 	C:\Users\WELCOME\Downloads\sts-4.19.0.RELEASE\plugins\org.eclipse.justj.openjdk.hotspot.jre.full.win32.x86_64_17.0.7.v20230425-1502\jre\bin\jli.dll
0x00007ffb6d870000 - 0x00007ffb6da0d000 	C:\WINDOWS\System32\USER32.dll
0x00007ffb6b290000 - 0x00007ffb6b2b2000 	C:\WINDOWS\System32\win32u.dll
0x00007ffb6bc10000 - 0x00007ffb6bc3c000 	C:\WINDOWS\System32\GDI32.dll
0x00007ffb6b830000 - 0x00007ffb6b945000 	C:\WINDOWS\System32\gdi32full.dll
0x00007ffb6b160000 - 0x00007ffb6b1fd000 	C:\WINDOWS\System32\msvcp_win.dll
0x00007ffb65980000 - 0x00007ffb65999000 	C:\Users\WELCOME\Downloads\sts-4.19.0.RELEASE\plugins\org.eclipse.justj.openjdk.hotspot.jre.full.win32.x86_64_17.0.7.v20230425-1502\jre\bin\VCRUNTIME140.dll
0x00007ffb5d460000 - 0x00007ffb5d6fa000 	C:\WINDOWS\WinSxS\amd64_microsoft.windows.common-controls_6595b64144ccf1df_6.0.19041.1110_none_60b5254171f9507e\COMCTL32.dll
0x00007ffb6bea0000 - 0x00007ffb6bf3e000 	C:\WINDOWS\System32\msvcrt.dll
0x00007ffb6bbe0000 - 0x00007ffb6bc10000 	C:\WINDOWS\System32\IMM32.DLL
0x00007ffb65970000 - 0x00007ffb6597c000 	C:\Users\WELCOME\Downloads\sts-4.19.0.RELEASE\plugins\org.eclipse.justj.openjdk.hotspot.jre.full.win32.x86_64_17.0.7.v20230425-1502\jre\bin\vcruntime140_1.dll
0x00007ffb52da0000 - 0x00007ffb52e31000 	C:\Users\WELCOME\Downloads\sts-4.19.0.RELEASE\plugins\org.eclipse.justj.openjdk.hotspot.jre.full.win32.x86_64_17.0.7.v20230425-1502\jre\bin\msvcp140.dll
0x00007ffb1eed0000 - 0x00007ffb1fb18000 	C:\Users\WELCOME\Downloads\sts-4.19.0.RELEASE\plugins\org.eclipse.justj.openjdk.hotspot.jre.full.win32.x86_64_17.0.7.v20230425-1502\jre\bin\server\jvm.dll
0x00007ffb6bf40000 - 0x00007ffb6bfef000 	C:\WINDOWS\System32\ADVAPI32.dll
0x00007ffb6bdf0000 - 0x00007ffb6be8c000 	C:\WINDOWS\System32\sechost.dll
0x00007ffb6d0b0000 - 0x00007ffb6d1d6000 	C:\WINDOWS\System32\RPCRT4.dll
0x00007ffb5b290000 - 0x00007ffb5b299000 	C:\WINDOWS\SYSTEM32\WSOCK32.dll
0x00007ffb6d730000 - 0x00007ffb6d79b000 	C:\WINDOWS\System32\WS2_32.dll
0x00007ffb5ab90000 - 0x00007ffb5abb7000 	C:\WINDOWS\SYSTEM32\WINMM.dll
0x00007ffb63610000 - 0x00007ffb6361a000 	C:\WINDOWS\SYSTEM32\VERSION.dll
0x00007ffb699b0000 - 0x00007ffb699c2000 	C:\WINDOWS\SYSTEM32\kernel.appcore.dll
0x00007ffb68510000 - 0x00007ffb6851a000 	C:\Users\WELCOME\Downloads\sts-4.19.0.RELEASE\plugins\org.eclipse.justj.openjdk.hotspot.jre.full.win32.x86_64_17.0.7.v20230425-1502\jre\bin\jimage.dll
0x00007ffb68ec0000 - 0x00007ffb690a4000 	C:\WINDOWS\SYSTEM32\DBGHELP.DLL
0x00007ffb59140000 - 0x00007ffb59174000 	C:\WINDOWS\SYSTEM32\dbgcore.DLL
0x00007ffb6b200000 - 0x00007ffb6b282000 	C:\WINDOWS\System32\bcryptPrimitives.dll
0x00007ffb5a140000 - 0x00007ffb5a165000 	C:\Users\WELCOME\Downloads\sts-4.19.0.RELEASE\plugins\org.eclipse.justj.openjdk.hotspot.jre.full.win32.x86_64_17.0.7.v20230425-1502\jre\bin\java.dll
0x00007ffb64d90000 - 0x00007ffb64da8000 	C:\Users\WELCOME\Downloads\sts-4.19.0.RELEASE\plugins\org.eclipse.justj.openjdk.hotspot.jre.full.win32.x86_64_17.0.7.v20230425-1502\jre\bin\zip.dll
0x00007ffb6c190000 - 0x00007ffb6c8d4000 	C:\WINDOWS\System32\SHELL32.dll
0x00007ffb690b0000 - 0x00007ffb69843000 	C:\WINDOWS\SYSTEM32\windows.storage.dll
0x00007ffb6cb40000 - 0x00007ffb6ce94000 	C:\WINDOWS\System32\combase.dll
0x00007ffb6aaa0000 - 0x00007ffb6aace000 	C:\WINDOWS\SYSTEM32\Wldp.dll
0x00007ffb6c8e0000 - 0x00007ffb6c98d000 	C:\WINDOWS\System32\SHCORE.dll
0x00007ffb6d050000 - 0x00007ffb6d0a5000 	C:\WINDOWS\System32\shlwapi.dll
0x00007ffb6b060000 - 0x00007ffb6b085000 	C:\WINDOWS\SYSTEM32\profapi.dll
0x00007ffb59b20000 - 0x00007ffb59b39000 	C:\Users\WELCOME\Downloads\sts-4.19.0.RELEASE\plugins\org.eclipse.justj.openjdk.hotspot.jre.full.win32.x86_64_17.0.7.v20230425-1502\jre\bin\net.dll
0x00007ffb62970000 - 0x00007ffb62a7a000 	C:\WINDOWS\SYSTEM32\WINHTTP.dll
0x00007ffb6a800000 - 0x00007ffb6a86a000 	C:\WINDOWS\system32\mswsock.dll
0x00007ffb59b00000 - 0x00007ffb59b15000 	C:\Users\WELCOME\Downloads\sts-4.19.0.RELEASE\plugins\org.eclipse.justj.openjdk.hotspot.jre.full.win32.x86_64_17.0.7.v20230425-1502\jre\bin\nio.dll
0x00007ffb65250000 - 0x00007ffb65259000 	C:\Users\WELCOME\Downloads\sts-4.19.0.RELEASE\plugins\org.eclipse.justj.openjdk.hotspot.jre.full.win32.x86_64_17.0.7.v20230425-1502\jre\bin\management.dll
0x00007ffb64be0000 - 0x00007ffb64beb000 	C:\Users\WELCOME\Downloads\sts-4.19.0.RELEASE\plugins\org.eclipse.justj.openjdk.hotspot.jre.full.win32.x86_64_17.0.7.v20230425-1502\jre\bin\management_ext.dll
0x00007ffb6cfe0000 - 0x00007ffb6cfe8000 	C:\WINDOWS\System32\PSAPI.DLL
0x00007ffb4d820000 - 0x00007ffb4d837000 	C:\WINDOWS\system32\napinsp.dll
0x00007ffb4d6a0000 - 0x00007ffb4d6bb000 	C:\WINDOWS\system32\pnrpnsp.dll
0x00007ffb64fe0000 - 0x00007ffb64ff5000 	C:\WINDOWS\system32\wshbth.dll
0x00007ffb66380000 - 0x00007ffb6639d000 	C:\WINDOWS\system32\NLAapi.dll
0x00007ffb6a4f0000 - 0x00007ffb6a52b000 	C:\WINDOWS\SYSTEM32\IPHLPAPI.DLL
0x00007ffb6a530000 - 0x00007ffb6a5fa000 	C:\WINDOWS\SYSTEM32\DNSAPI.dll
0x00007ffb6be90000 - 0x00007ffb6be98000 	C:\WINDOWS\System32\NSI.dll
0x00007ffb4bbb0000 - 0x00007ffb4bbc2000 	C:\WINDOWS\System32\winrnr.dll
0x00007ffb623b0000 - 0x00007ffb623ba000 	C:\Windows\System32\rasadhlp.dll
0x00007ffb5e080000 - 0x00007ffb5e102000 	C:\WINDOWS\System32\fwpuclnt.dll
0x00007ffb6b130000 - 0x00007ffb6b157000 	C:\WINDOWS\System32\bcrypt.dll
0x00007ffb6a9f0000 - 0x00007ffb6aa08000 	C:\WINDOWS\SYSTEM32\CRYPTSP.dll
0x00007ffb6a110000 - 0x00007ffb6a144000 	C:\WINDOWS\system32\rsaenh.dll
0x00007ffb6b020000 - 0x00007ffb6b04e000 	C:\WINDOWS\SYSTEM32\USERENV.dll
0x00007ffb6aa10000 - 0x00007ffb6aa1c000 	C:\WINDOWS\SYSTEM32\CRYPTBASE.dll
0x00007ffb634d0000 - 0x00007ffb634e7000 	C:\WINDOWS\SYSTEM32\dhcpcsvc6.DLL
0x00007ffb64170000 - 0x00007ffb6418d000 	C:\WINDOWS\SYSTEM32\dhcpcsvc.DLL
0x00007ffb664d0000 - 0x00007ffb664e0000 	C:\Users\WELCOME\Downloads\sts-4.19.0.RELEASE\plugins\org.eclipse.justj.openjdk.hotspot.jre.full.win32.x86_64_17.0.7.v20230425-1502\jre\bin\verify.dll

dbghelp: loaded successfully - version: 4.0.5 - missing functions: none
symbol engine: initialized successfully - sym options: 0x614 - pdb path: .;C:\Users\WELCOME\Downloads\sts-4.19.0.RELEASE\plugins\org.eclipse.justj.openjdk.hotspot.jre.full.win32.x86_64_17.0.7.v20230425-1502\jre\bin;C:\WINDOWS\SYSTEM32;C:\WINDOWS\WinSxS\amd64_microsoft.windows.common-controls_6595b64144ccf1df_6.0.19041.1110_none_60b5254171f9507e;C:\Users\WELCOME\Downloads\sts-4.19.0.RELEASE\plugins\org.eclipse.justj.openjdk.hotspot.jre.full.win32.x86_64_17.0.7.v20230425-1502\jre\bin\server

VM Arguments:
jvm_args: -Dcom.sun.management.jmxremote -Dcom.sun.management.jmxremote.port=13517 -Dcom.sun.management.jmxremote.authenticate=false -Dcom.sun.management.jmxremote.ssl=false -Djava.rmi.server.hostname=localhost -Dspring.jmx.enabled=true -Dmanagement.endpoints.jmx.exposure.include=* -Dspring.application.admin.enabled=true -XX:TieredStopAtLevel=1 -Dspring.boot.project.name=JPACrud -Dfile.encoding=UTF-8 -XX:+ShowCodeDetailsInExceptionMessages 
java_command: com.jpa.demo.JpaCrudApplication --spring.output.ansi.enabled=always
java_class_path (initial): C:\Users\WELCOME\Documents\workspace-spring-tool-suite-4-4.19.0.RELEASE\Moodle_Assesment\JPACrud\target\classes;C:\Users\WELCOME\.m2\repository\com\googlecode\json-simple\json-simple\1.1.1\json-simple-1.1.1.jar;C:\Users\WELCOME\.m2\repository\junit\junit\4.13.2\junit-4.13.2.jar;C:\Users\WELCOME\.m2\repository\org\hamcrest\hamcrest-core\2.2\hamcrest-core-2.2.jar;C:\Users\WELCOME\.m2\repository\org\springframework\boot\spring-boot-starter-data-jpa\2.7.14\spring-boot-starter-data-jpa-2.7.14.jar;C:\Users\WELCOME\.m2\repository\org\springframework\boot\spring-boot-starter-aop\2.7.14\spring-boot-starter-aop-2.7.14.jar;C:\Users\WELCOME\.m2\repository\org\springframework\spring-aop\5.3.29\spring-aop-5.3.29.jar;C:\Users\WELCOME\.m2\repository\org\aspectj\aspectjweaver\1.9.7\aspectjweaver-1.9.7.jar;C:\Users\WELCOME\.m2\repository\org\springframework\boot\spring-boot-starter-jdbc\2.7.14\spring-boot-starter-jdbc-2.7.14.jar;C:\Users\WELCOME\.m2\repository\com\zaxxer\HikariCP\4.0.3\HikariCP-4.0.3.jar;C:\Users\WELCOME\.m2\repository\org\springframework\spring-jdbc\5.3.29\spring-jdbc-5.3.29.jar;C:\Users\WELCOME\.m2\repository\jakarta\transaction\jakarta.transaction-api\1.3.3\jakarta.transaction-api-1.3.3.jar;C:\Users\WELCOME\.m2\repository\jakarta\persistence\jakarta.persistence-api\2.2.3\jakarta.persistence-api-2.2.3.jar;C:\Users\WELCOME\.m2\repository\org\hibernate\hibernate-core\5.6.15.Final\hibernate-core-5.6.15.Final.jar;C:\Users\WELCOME\.m2\repository\org\jboss\logging\jboss-logging\3.4.3.Final\jboss-logging-3.4.3.Final.jar;C:\Users\WELCOME\.m2\repository\net\bytebuddy\byte-buddy\1.12.23\byte-buddy-1.12.23.jar;C:\Users\WELCOME\.m2\repository\antlr\antlr\2.7.7\antlr-2.7.7.jar;C:\Users\WELCOME\.m2\repository\org\jboss\jandex\2.4.2.Final\jandex-2.4.2.Final.jar;C:\Users\WELCOME\.m2\repository\com\fasterxml\classmate\1.5.1\classmate-1.5.1.jar;C:\Users\WELCOME\.m2\repository\org\hibernate\common\hibernate-commons-annotations\5.1.2.Final\hibernate-common
Launcher Type: SUN_STANDARD

[Global flags]
     intx CICompilerCount                          = 3                                         {product} {ergonomic}
     uint ConcGCThreads                            = 1                                         {product} {ergonomic}
     uint G1ConcRefinementThreads                  = 4                                         {product} {ergonomic}
   size_t G1HeapRegionSize                         = 1048576                                   {product} {ergonomic}
    uintx GCDrainStackTargetSize                   = 64                                        {product} {ergonomic}
   size_t InitialHeapSize                          = 65011712                                  {product} {ergonomic}
     bool ManagementServer                         = true                                      {product} {command line}
   size_t MarkStackSize                            = 4194304                                   {product} {ergonomic}
   size_t MaxHeapSize                              = 1040187392                                {product} {ergonomic}
   size_t MaxNewSize                               = 623902720                                 {product} {ergonomic}
   size_t MinHeapDeltaBytes                        = 1048576                                   {product} {ergonomic}
   size_t MinHeapSize                              = 8388608                                   {product} {ergonomic}
    uintx NonProfiledCodeHeapSize                  = 0                                      {pd product} {ergonomic}
     bool ProfileInterpreter                       = false                                  {pd product} {command line}
    uintx ProfiledCodeHeapSize                     = 0                                      {pd product} {ergonomic}
     bool ShowCodeDetailsInExceptionMessages       = true                                   {manageable} {command line}
   size_t SoftMaxHeapSize                          = 1040187392                             {manageable} {ergonomic}
     intx TieredStopAtLevel                        = 1                                         {product} {command line}
     bool UseCompressedClassPointers               = true                           {product lp64_product} {ergonomic}
     bool UseCompressedOops                        = true                           {product lp64_product} {ergonomic}
     bool UseG1GC                                  = true                                      {product} {ergonomic}
     bool UseLargePagesIndividualAllocation        = false                                  {pd product} {ergonomic}

Logging:
Log output configuration:
 #0: stdout all=warning uptime,level,tags
 #1: stderr all=off uptime,level,tags

Environment Variables:
JAVA_HOME=C:\Program Files\Java\jdk1.8.0_201
PATH=C:/Users/WELCOME/Downloads/sts-4.19.0.RELEASE//plugins/org.eclipse.justj.openjdk.hotspot.jre.full.win32.x86_64_17.0.7.v20230425-1502/jre/bin/server;C:/Users/WELCOME/Downloads/sts-4.19.0.RELEASE//plugins/org.eclipse.justj.openjdk.hotspot.jre.full.win32.x86_64_17.0.7.v20230425-1502/jre/bin;C:\Program Files (x86)\Common Files\Oracle\Java\javapath;C:\Program Files (x86)\NVIDIA Corporation\PhysX\Common;C:\WINDOWS\system32;C:\WINDOWS;C:\WINDOWS\System32\Wbem;C:\WINDOWS\System32\WindowsPowerShell\v1.0\;C:\WINDOWS\System32\OpenSSH\;C:\Program Files (x86)\dotnet\;C:\Program Files\Git\cmd;C:\Program Files\nodejs\;C:\Program Files\MySQL\MySQL Server 8.0\bin;C:\Program Files\Java\jdk1.8.0_201\bin;C:\Program Files\apache-maven-3.9.4\bin;C:\Program Files\MySQL\MySQL Shell 8.0\bin\;C:\Users\WELCOME\AppData\Local\Microsoft\WindowsApps;;C:\Users\WELCOME\AppData\Local\Programs\Microsoft VS Code\bin;C:\Users\WELCOME\AppData\Roaming\npm;C:\Users\WELCOME\Downloads\sts-4.19.0.RELEASE;
USERNAME=WELCOME
OS=Windows_NT
PROCESSOR_IDENTIFIER=Intel64 Family 6 Model 142 Stepping 9, GenuineIntel
TMP=C:\Users\WELCOME\AppData\Local\Temp
TEMP=C:\Users\WELCOME\AppData\Local\Temp



---------------  S Y S T E M  ---------------

OS:
 Windows 10 , 64 bit Build 19041 (10.0.19041.3155)
OS uptime: 1 days 6:04 hours

CPU: total 4 (initial active 4) (2 cores per cpu, 2 threads per core) family 6 model 142 stepping 9 microcode 0xec, cx8, cmov, fxsr, ht, mmx, 3dnowpref, sse, sse2, sse3, ssse3, sse4.1, sse4.2, popcnt, lzcnt, tsc, tscinvbit, avx, avx2, aes, erms, clmul, bmi1, bmi2, adx, fma, vzeroupper, clflush, clflushopt

Memory: 4k page, system-wide physical 3961M (263M free)
TotalPageFile size 11129M (AvailPageFile size 5M)
current process WorkingSet (physical memory assigned to process): 76M, peak: 76M
current process commit charge ("private bytes"): 146M, peak: 146M

vm_info: OpenJDK 64-Bit Server VM (17.0.7+7) for windows-amd64 JRE (17.0.7+7), built on Apr 18 2023 22:10:42 by "temurin" with MS VC++ 16.7 (VS2019)

END.
